2023-01-17 18:27:10	▬▬▶	MonsterAbyss [MonsterAbyss] (Abyss) (~Abyss@gateway/tor-sasl/monsterabyss) has joined #news
2023-01-17 18:27:10	--	Topic for #news is "📰🗞"
2023-01-17 18:27:10	--	Topic set by kome (~mah@host-80-181-166-67.pool80181.interbusiness.it) on Wed, 19 May 2021 19:52:46
2023-01-17 18:27:10	--	Channel #news: 20 nicks (1 op, 0 voices, 19 normals)
2023-01-17 18:27:12	--	Channel created on Wed, 19 May 2021 18:33:05
2023-01-17 18:42:25	newsnews	[BBC UK] UK conversion therapy ban to include trans people → https://www.bbc.co.uk/news/uk-64304142?at_medium=RSS&at_campaign=KARANGA
2023-01-17 18:47:04	newsnews	[Al Jazeera] Israeli forces kill Palestinian man during ‘shooting attack’ → https://www.aljazeera.com/news/2023/1/17/israeli-forces-kill-palestinian-man-after-shooting-attack
2023-01-17 18:48:07	newsnews	[CNN Top Stories] See moment Ukrainian soldiers received order to open fire → https://www.cnn.com/videos/world/2023/01/17/ukrainians-suffering-constant-russian-shelling-bahkmut-wedeman-dnt-tsr-vpx.cnn
2023-01-17 18:48:09	newsnews	[CNN Top Stories] Uber CEO speaks to Amanpour about company's support for Ukraine → https://www.cnn.com/videos/tv/2023/01/16/dara-khosrowshahi-amanpour-ukraine-uber-world-economic-forum.cnn
2023-01-17 18:48:11	newsnews	[CNN Top Stories] Flu turned deadly within 48 hours for 3-year-old girl. Now her family gets vaccinated every year → https://www.cnn.com/2023/01/17/health/flu-death-explainer-wellness/index.html
2023-01-17 18:48:13	newsnews	[CNN Top Stories] The world has a major debt problem. Is a reset coming? → https://www.cnn.com/2023/01/17/investing/premarket-stocks-trading/index.html
2023-01-17 18:48:15	newsnews	[CNN Top Stories] Kevin Spacey receives award in Italy, days after UK court appearance → https://www.cnn.com/2023/01/17/entertainment/kevin-spacey-museum-italy-scli-intl/index.html
2023-01-17 18:48:17	newsnews	[CNN Top Stories] Tom Brady on playing future after 31-14 loss to Cowboys: 'It's just going to be one day at a time, truly' → https://www.cnn.com/2023/01/17/sport/tom-brady-retire-buccaneers-playoff-nfl-spt-intl/index.html
2023-01-17 18:48:19	newsnews	[CNN Top Stories] The rich should pay higher fares to clean up aviation, says Heathrow boss → https://www.cnn.com/2023/01/17/business/air-fares-davos-sustainable-fuel/index.html
2023-01-17 18:51:12	▬▬▶	Stark86 [Stark86] (Stark86) (~Thunderbi@49.37.161.72) has joined #news
2023-01-17 18:51:36	newsnews	[New York Times World] Zelensky pushes allies to move faster with aid as fears grow of a new Russian offensive → https://www.nytimes.com/2023/01/17/world/europe/zelensky-pushes-allies-to-move-faster-with-aid-as-fears-grow-of-a-new-russian-offensive.html
2023-01-17 18:54:55	newsnews	[BBC UK] NFL: Dak Prescott stars as Dallas Cowboys beat Tampa Bay Buccaneers 31-14 → https://www.bbc.co.uk/sport/av/american-football/64306272?at_medium=RSS&at_campaign=KARANGA
2023-01-17 18:58:50	newsnews	[Al Jazeera] Honduran activists demand action after killing of water defenders → https://www.aljazeera.com/news/2023/1/17/honduran-activists-demand-action-after-killing-of-water-defenders
2023-01-17 19:04:47	newsnews	[BBC World] Ukraine War: Zelensky adviser resigns over Dnipro remarks → https://www.bbc.co.uk/news/world-europe-64304310?at_medium=RSS&at_campaign=KARANGA
2023-01-17 19:06:21	newsnews	[CNN US] The rich should pay higher fares to clean up aviation, says Heathrow boss → https://www.cnn.com/2023/01/17/business/air-fares-davos-sustainable-fuel/index.html
2023-01-17 19:06:23	◀▬▬	Stark86 (~Thunderbi@49.37.161.72) has quit (Read error: Connection reset by peer)
2023-01-17 19:16:03	newsnews	[New York Times World] Belarus Puts Exiled Opposition Leader on Trial for Treason → https://www.nytimes.com/2023/01/17/world/europe/belarus-svetlana-tikhanovskaya.html
2023-01-17 19:19:21	newsnews	[BBC UK] Six Nations: Scotland include McConnochie, Healy, Henderson & McDowall in squad → https://www.bbc.co.uk/sport/rugby-union/64306112?at_medium=RSS&at_campaign=KARANGA
2023-01-17 19:35:31	newsnews	[NPR] Imprisoned Iranian-American Siamak Namazi is on a hunger strike in Iran → https://www.npr.org/2023/01/17/1149455671/imprisoned-iranian-american-siamak-namazi-is-on-a-hunger-strike-in-iran
2023-01-17 19:40:14	newsnews	[BBC World] Zelenska: Not all leaders using influence for good → https://www.bbc.co.uk/news/world-europe-64305880?at_medium=RSS&at_campaign=KARANGA
2023-01-17 19:42:43	newsnews	[New York Times US] California Storms Begin to Fade After Run of Atmospheric Rivers → https://www.nytimes.com/2023/01/17/us/california-weather.html
2023-01-17 19:43:46	newsnews	[BBC UK] Australian Open 2023 results: Novak Djokovic, Alexander Zverev advance on day two → https://www.bbc.co.uk/sport/tennis/64302444?at_medium=RSS&at_campaign=KARANGA
2023-01-17 19:51:42	newsnews	[BBC World] Andrey Medvedev: How Russian mercenary made an icy escape to Norway → https://www.bbc.co.uk/news/world-europe-64303652?at_medium=RSS&at_campaign=KARANGA
