2023-01-17 18:18:40	--	palladium.libera.chat: *** Ident disabled, not checking ident
2023-01-17 18:18:40	--	palladium.libera.chat: *** Looking up your hostname...
2023-01-17 18:18:40	--	palladium.libera.chat: *** Couldn't look up your hostname
2023-01-17 18:18:41	--	You are now logged in as MonsterAbyss (MonsterAbyss!Abyss@127.0.6.10)
2023-01-17 18:18:41	--	SASL authentication successful
2023-01-17 18:18:42	--	palladium.libera.chat: *** Spoofing your IP
2023-01-17 18:18:41	--	Welcome to the Libera.Chat Internet Relay Chat Network MonsterAbyss
2023-01-17 18:18:41	--	Your host is palladium.libera.chat[127.0.6.10/17110], running version solanum-1.0-dev
2023-01-17 18:18:41	--	This server was created Wed Nov 2 2022 at 13:42:42 UTC
2023-01-17 18:18:41	--	palladium.libera.chat solanum-1.0-dev DGIMQRSZaghilopsuwz CFILMPQRSTbcefgijklmnopqrstuvz bkloveqjfI
2023-01-17 18:18:41	--	SAFELIST ELIST=CMNTU MONITOR=100 ETRACE FNC KNOCK WHOX CHANTYPES=# EXCEPTS INVEX CHANMODES=eIbq,k,flj,CFLMPQRSTcgimnprstuz CHANLIMIT=#:250 are supported by this server
2023-01-17 18:18:41	--	PREFIX=(ov)@+ MAXLIST=bqeI:100 MODES=4 NETWORK=Libera.Chat STATUSMSG=@+ CASEMAPPING=rfc1459 NICKLEN=16 MAXNICKLEN=16 CHANNELLEN=50 TOPICLEN=390 DEAF=D TARGMAX=NAMES:1,LIST:1,KICK:1,WHOIS:1,PRIVMSG:4,NOTICE:4,ACCEPT:,MONITOR: are supported by this server
2023-01-17 18:18:41	--	EXTBAN=$,ajrxz CALLERID=g are supported by this server
2023-01-17 18:18:41	--	There are 70 users and 46746 invisible on 28 servers
2023-01-17 18:18:41	--	39 IRC Operators online
2023-01-17 18:18:41	--	22149 channels formed
2023-01-17 18:18:41	--	I have 174 clients and 1 servers
2023-01-17 18:18:41	--	174 194 Current local users 174, max 194
2023-01-17 18:18:41	--	46816 49240 Current global users 46816, max 49240
2023-01-17 18:18:41	--	Highest connection count: 195 (194 clients) (45565 connections received)
2023-01-17 18:18:41	--	- palladium.libera.chat Message of the Day -
2023-01-17 18:18:41	--	- Welcome to Libera Chat, the IRC network for
2023-01-17 18:18:41	--	- free & open-source software and peer directed projects.
2023-01-17 18:18:41	--	-
2023-01-17 18:18:41	--	- Use of Libera Chat is governed by our network policies.
2023-01-17 18:18:41	--	-
2023-01-17 18:18:41	--	- To reduce network abuses we perform open proxy checks
2023-01-17 18:18:41	--	- on hosts at connection time.
2023-01-17 18:18:41	--	-
2023-01-17 18:18:41	--	- Please visit us in #libera for questions and support.
2023-01-17 18:18:41	--	-
2023-01-17 18:18:41	--	- Website and documentation:  https://libera.chat
2023-01-17 18:18:41	--	- Webchat:                    https://web.libera.chat
2023-01-17 18:18:41	--	- Network policies:           https://libera.chat/policies
2023-01-17 18:18:41	--	- Email:                      support@libera.chat
2023-01-17 18:18:41	--	End of /MOTD command.
2023-01-17 18:18:41	--	User mode [+Ziw] by MonsterAbyss
2023-01-17 18:18:41	--	SaslServ (SaslServ@services.libera.chat): Last login from: ~amit@gateway/tor-sasl/monsterabyss on Jan 15 12:05:52 2023 +0000.
