2023-01-17 19:59:23	▬▬▶	MonsterAbyss [MonsterAbyss] (Abyss) (~Abyss@gateway/tor-sasl/monsterabyss) has joined #intern0t
2023-01-17 19:59:23	--	Mode #intern0t [+Cnst] by palladium.libera.chat
2023-01-17 19:59:23	--	Channel #intern0t: 1 nick (1 op, 0 voices, 0 normals)
2023-01-17 19:59:23	--	Mode #intern0t [-o MonsterAbyss] by services.
2023-01-17 19:59:23	--	Notice(palladium.libera.chat): *** Notice -- TS for #intern0t changed from 1673965763 to 1626087541
2023-01-17 19:59:23	--	Mode #intern0t [-Cs] by services.
2023-01-17 19:59:23	▬▬▶	ChanServ (Channel Services) (ChanServ@services.libera.chat) has joined #intern0t
2023-01-17 19:59:23	--	Mode #intern0t [+o ChanServ] by services.
2023-01-17 19:59:24	--	Channel created on Mon, 12 Jul 2021 16:29:01
2023-01-17 20:18:41	▬▬▶	MonsterAbyss [MonsterAbyss] (Abyss) (~Abyss@gateway/tor-sasl/monsterabyss) has joined #intern0t
2023-01-17 20:18:41	--	Mode #intern0t [+Cnst] by palladium.libera.chat
2023-01-17 20:18:41	--	Channel #intern0t: 1 nick (1 op, 0 voices, 0 normals)
2023-01-17 20:18:41	--	Mode #intern0t [-o MonsterAbyss] by services.
2023-01-17 20:18:41	--	Notice(palladium.libera.chat): *** Notice -- TS for #intern0t changed from 1673966921 to 1626087541
2023-01-17 20:18:41	--	Mode #intern0t [-Cs] by services.
2023-01-17 20:18:41	▬▬▶	ChanServ (Channel Services) (ChanServ@services.libera.chat) has joined #intern0t
2023-01-17 20:18:41	--	Mode #intern0t [+o ChanServ] by services.
2023-01-17 20:18:43	--	Channel created on Mon, 12 Jul 2021 16:29:01
2023-01-17 21:12:58	▬▬▶	MonsterAbyss [MonsterAbyss] (Abyss) (~Abyss@gateway/tor-sasl/monsterabyss) has joined #intern0t
2023-01-17 21:12:58	--	Channel #intern0t: 2 nicks (1 op, 0 voices, 1 normal)
2023-01-17 21:12:59	--	Channel created on Mon, 12 Jul 2021 16:29:01
2023-01-17 21:26:46	▬▬▶	MonsterAbyss [MonsterAbyss] (Abyss) (~Abyss@gateway/tor-sasl/monsterabyss) has joined #intern0t
2023-01-17 21:26:46	--	Channel #intern0t: 2 nicks (1 op, 0 voices, 1 normal)
2023-01-17 21:26:47	--	Channel created on Mon, 12 Jul 2021 16:29:01
