2023-01-17 19:59:23	▬▬▶	MonsterAbyss [MonsterAbyss] (Abyss) (~Abyss@gateway/tor-sasl/monsterabyss) has joined #news
2023-01-17 19:59:23	--	Topic for #news is "📰🗞"
2023-01-17 19:59:23	--	Topic set by kome (~mah@host-80-181-166-67.pool80181.interbusiness.it) on Wed, 19 May 2021 19:52:46
2023-01-17 19:59:23	--	Channel #news: 20 nicks (1 op, 0 voices, 19 normals)
2023-01-17 19:59:40	--	Channel created on Wed, 19 May 2021 18:33:05
2023-01-17 20:04:23	newsnews	[New York Times World] England Is Banning Some Single-Use Plastics. Activists Say It’s a Small Step. → https://www.nytimes.com/2023/01/17/world/europe/england-plastic-ban.html
2023-01-17 20:07:17	newsnews	[BBC UK] Madonna announces 40th anniversary greatest hits tour → https://www.bbc.co.uk/news/entertainment-arts-64306753?at_medium=RSS&at_campaign=KARANGA
2023-01-17 20:07:19	newsnews	[BBC UK] Andrey Medvedev: How Russian mercenary made an icy escape to Norway → https://www.bbc.co.uk/news/world-europe-64303652?at_medium=RSS&at_campaign=KARANGA
2023-01-17 20:11:23	newsnews	[Al Jazeera] Germany appoints defence chief in time for key Ukraine meeting → https://www.aljazeera.com/news/2023/1/17/boris-pistorius-appointed-as-germanys-new-defence-minister
2023-01-17 20:18:41	▬▬▶	MonsterAbyss [MonsterAbyss] (Abyss) (~Abyss@gateway/tor-sasl/monsterabyss) has joined #news
2023-01-17 20:18:41	--	Topic for #news is "📰🗞"
2023-01-17 20:18:41	--	Topic set by kome (~mah@host-80-181-166-67.pool80181.interbusiness.it) on Wed, 19 May 2021 19:52:46
2023-01-17 20:18:41	--	Channel #news: 20 nicks (1 op, 0 voices, 19 normals)
2023-01-17 20:18:59	--	Channel created on Wed, 19 May 2021 18:33:05
2023-01-17 20:19:31	newsnews	[BBC UK] Elon Musk begins trial over Tesla tweet that cost him $20m → https://www.bbc.co.uk/news/world-us-canada-64293744?at_medium=RSS&at_campaign=KARANGA
2023-01-17 20:26:43	newsnews	[BBC World] Matteo Messina Denaro: How Mafia boss was caught on a visit to a clinic → https://www.bbc.co.uk/news/world-europe-64302105?at_medium=RSS&at_campaign=KARANGA
2023-01-17 20:30:18	newsnews	[CNN US] Ohio GOP state Sen. Matt Dolan announces US Senate bid to challenge Sherrod Brown → https://www.cnn.com/2023/01/17/politics/matt-dolan-us-senate-ohio/index.html
2023-01-17 20:31:20	newsnews	[BBC UK] Royal Mail accused of prioritising parcels over letters → https://www.bbc.co.uk/news/business-64306928?at_medium=RSS&at_campaign=KARANGA
2023-01-17 20:45:29	newsnews	[CNN Top Stories] 14-year-old girl charged with murder in the shooting of 11-year-old boy in Dallas → https://www.cnn.com/2023/01/17/us/teen-murder-charge-dallas/index.html
2023-01-17 20:45:31	newsnews	[CNN Top Stories] 'Sober bar' owner says she's struggling to meet unprecedented demands → https://www.cnn.com/videos/business/2023/01/17/nyc-sober-bar-owner-cnntm-cprog-vpx.cnn
2023-01-17 20:45:33	newsnews	[CNN Top Stories] Madonna announces 'The Celebration Tour' → https://www.cnn.com/2023/01/17/entertainment/madonna-celebration-tour/index.html
2023-01-17 20:45:35	newsnews	[CNN Top Stories] See the first electrified and fastest-accelerating Corvette → https://www.cnn.com/videos/cars/2023/01/17/hybrid-corvette-eray-contd-orig-fj.cnn-business
2023-01-17 20:45:37	newsnews	[CNN Top Stories] Ex-roommate of George Santos speaks to CNN This Morning → https://www.cnn.com/videos/politics/2023/01/17/george-santos-former-roommate-gregory-morey-parker-cnntm-vpx.cnn
2023-01-17 20:45:39	newsnews	[CNN Top Stories] Lisa Marie Presley's memorial planned at Graceland → https://www.cnn.com/2023/01/17/entertainment/lisa-marie-presley-memorial/index.html
2023-01-17 20:45:41	newsnews	[CNN Top Stories] New strain of bird flu kills hundreds of snow geese in Colorado → https://www.cnn.com/2023/01/17/us/hpai-colorado-wild-bird-mortality/index.html
2023-01-17 20:45:43	newsnews	[CNN Top Stories] Ukrainian presidential adviser resigns over Dnipro missile attack remarks → https://www.cnn.com/europe/live-news/russia-ukraine-war-news-1-17-23/h_61468902ae4b58fc34c465453b794a6c
2023-01-17 20:45:45	newsnews	[CNN Top Stories] Locally caught fish are full of dangerous chemicals called PFAS, study finds → https://www.cnn.com/2023/01/17/health/freshwater-fish-pfas-contamination-wellness/index.html
2023-01-17 20:55:26	newsnews	[New York Times US] Remains of Another Victim of Hurricane Ian Are Found in Florida → https://www.nytimes.com/2023/01/17/us/hurricane-ian-victim-found.html
2023-01-17 21:04:30	newsnews	[New York Times World] A flurry of diplomacy surrounding Ukraine unfolds this week → https://www.nytimes.com/2023/01/17/world/europe/the-ukraine-war-takes-center-stage-at-davos.html
2023-01-17 21:12:58	▬▬▶	MonsterAbyss [MonsterAbyss] (Abyss) (~Abyss@gateway/tor-sasl/monsterabyss) has joined #news
2023-01-17 21:12:58	--	Topic for #news is "📰🗞"
2023-01-17 21:12:58	--	Topic set by kome (~mah@host-80-181-166-67.pool80181.interbusiness.it) on Wed, 19 May 2021 19:52:46
2023-01-17 21:12:58	--	Channel #news: 20 nicks (1 op, 0 voices, 19 normals)
2023-01-17 21:13:15	--	Channel created on Wed, 19 May 2021 18:33:05
2023-01-17 21:14:51	newsnews	[BBC World] Elon Musk begins trial over Tesla tweet that cost him $20m → https://www.bbc.co.uk/news/world-us-canada-64293744?at_medium=RSS&at_campaign=KARANGA
2023-01-17 21:16:35	newsnews	[New York Times World] School Is in Session, Power or Not → https://www.nytimes.com/2023/01/17/world/europe/kyiv-ukraine-wartime-schooling.html
2023-01-17 21:17:48	newsnews	[CNN US] GOP Rep. Jim Banks announces Indiana US Senate campaign → https://www.cnn.com/2023/01/17/politics/jim-banks-indiana-us-senate/index.html
2023-01-17 21:17:50	newsnews	[CNN US] The Chevrolet Corvette E-Ray is the first-ever hybrid Corvette → https://www.cnn.com/2023/01/17/business/chevrolet-corvette-e-ray/index.html
2023-01-17 21:26:46	▬▬▶	MonsterAbyss [MonsterAbyss] (Abyss) (~Abyss@gateway/tor-sasl/monsterabyss) has joined #news
2023-01-17 21:26:46	--	Topic for #news is "📰🗞"
2023-01-17 21:26:46	--	Topic set by kome (~mah@host-80-181-166-67.pool80181.interbusiness.it) on Wed, 19 May 2021 19:52:46
2023-01-17 21:26:46	--	Channel #news: 20 nicks (1 op, 0 voices, 19 normals)
2023-01-17 21:27:04	--	Channel created on Wed, 19 May 2021 18:33:05
2023-01-17 21:30:51	newsnews	[New York Times US] Matt Dolan, a Republican, Will Challenge Senator Sherrod Brown in Ohio → https://www.nytimes.com/2023/01/17/us/politics/matt-dolan-senate-ohio.html
2023-01-17 21:31:31	newsnews	[BBC UK] UK weather: Snow and ice causes travel chaos and shuts schools → https://www.bbc.co.uk/news/uk-64301690?at_medium=RSS&at_campaign=KARANGA
2023-01-17 21:31:33	newsnews	[BBC UK] Prince Harry's Spare becomes UK's fastest-selling non-fiction book → https://www.bbc.co.uk/news/entertainment-arts-64226729?at_medium=RSS&at_campaign=KARANGA
2023-01-17 21:31:35	newsnews	[BBC UK] Matteo Messina Denaro: How Mafia boss was caught on a visit to a clinic → https://www.bbc.co.uk/news/world-europe-64302105?at_medium=RSS&at_campaign=KARANGA
2023-01-17 21:31:37	newsnews	[BBC UK] 'Andy Murray and his metal hip still defying the odds after Australian Open win' → https://www.bbc.co.uk/sport/tennis/64302251?at_medium=RSS&at_campaign=KARANGA
2023-01-17 21:34:30	newsnews	[CNN Top Stories] Opinion: What this pilot knows about flying in mountainous terrain → https://www.cnn.com/2023/01/17/opinions/nepal-plane-crash-pilot-landing-himalayas-abend/index.html
2023-01-17 21:34:32	newsnews	[CNN Top Stories] Santos' former roommate: He had 'delusions of grandeur' → https://www.cnn.com/2023/01/17/politics/george-santos-former-roommate-cnntv/index.html
2023-01-17 21:34:34	newsnews	[CNN Top Stories] The Chevrolet Corvette E-Ray is the first-ever hybrid Corvette → https://www.cnn.com/2023/01/17/business/chevrolet-corvette-e-ray/index.html
2023-01-17 21:34:36	newsnews	[CNN Top Stories] The fan-favorite Glossier You perfume is now available as a deodorant — and we tried it → https://www.cnn.com/cnn-underscored/reviews/glossier-deodorant?iid=CNNUnderscoredHPcontainer
2023-01-17 21:34:38	newsnews	[CNN Top Stories] The best sales to shop today: Vitamix, Logitech, Olaplex and more → https://www.cnn.com/2023/01/17/cnn-underscored/deals/best-online-sales-right-now?iid=CNNUnderscoredHPcontainer
2023-01-17 21:48:48	newsnews	[Al Jazeera] Ex-Republican hopeful arrested over shootings at Democrats’ homes → https://www.aljazeera.com/news/2023/1/17/ex-republican-hopeful-arrested-over-shootings-at-democrats-homes
2023-01-17 21:51:13	newsnews	[BBC World] Vietnam politics: Power shift as President Nguyen Xuan Phuc quits → https://www.bbc.co.uk/news/world-asia-64302745?at_medium=RSS&at_campaign=KARANGA
2023-01-17 21:59:38	newsnews	[NPR] A University of Alabama basketball player has been charged with murder → https://www.npr.org/2023/01/17/1149502778/darius-miles-alabama-basketball-shooting-jamea-harris
2023-01-17 22:01:00	newsnews	[Al Jazeera] UN decries ‘alarming’ rise in Rohingya deaths at sea in 2022 → https://www.aljazeera.com/news/2023/1/17/alarming-rise-in-rohingya-lost-at-sea-in-2022-un-says
2023-01-17 22:01:02	newsnews	[Al Jazeera] Russia’s war in Ukraine has killed ‘more than 9,000 civilians’ → https://www.aljazeera.com/news/2023/1/17/over-9000-civilians-killed-since-the-war-began-ukraine
2023-01-17 22:01:04	newsnews	[Al Jazeera] Putinism doesn’t work in the battlefield → https://www.aljazeera.com/opinions/2023/1/17/putinism-doesnt-work-on-the-battlefield
2023-01-17 22:10:43	newsnews	[CNN Top Stories] Democrat reportedly targeted by failed GOP candidate responds to arrest → https://www.cnn.com/videos/us/2023/01/17/new-mexico-solomon-pena-republican-candidate-arrest-shootings-adriann-barboa-cnntm-vpx.cnn
2023-01-17 22:10:45	newsnews	[CNN Top Stories] 'A grotesque mockery': Nick Cave slates attempt by AI to emulate his songs → https://www.cnn.com/2023/01/17/entertainment/nick-cave-ai-scli-intl/index.html
2023-01-17 22:10:47	newsnews	[CNN Top Stories] Apple's new Mac Mini M2 gets you more power for a cheaper $599 — and you can order it now → https://www.cnn.com/cnn-underscored/electronics/mac-mini-m2-m2-pro-pre-order?iid=CNNUnderscoredHPcontainer
2023-01-17 22:10:49	newsnews	[CNN Top Stories] The MacBook Pro just got a big upgrade — and you can preorder them now → https://www.cnn.com/cnn-underscored/electronics/macbook-pro-m2-pro-m2-max-pre-order?iid=CNNUnderscoredHPcontainer
2023-01-17 22:13:21	newsnews	[Al Jazeera] Young Nigerians flock to get voting cards for February election → https://www.aljazeera.com/news/2023/1/17/nigerians-flock-to-get-voting-cards-as-election-looms
2023-01-17 22:15:18	newsnews	[BBC World] Prince William reveals who's the best cook at home → https://www.bbc.co.uk/news/uk-64310099?at_medium=RSS&at_campaign=KARANGA
2023-01-17 22:18:48	newsnews	[BBC UK] David Carrick: More shocking cases may follow, Braverman warns → https://www.bbc.co.uk/news/uk-64308043?at_medium=RSS&at_campaign=KARANGA
