2023-01-17 19:59:23	▬▬▶	MonsterAbyss [MonsterAbyss] (Abyss) (~Abyss@gateway/tor-sasl/monsterabyss) has joined #subhackers
2023-01-17 19:59:23	--	Mode #subhackers [+Cnst] by palladium.libera.chat
2023-01-17 19:59:23	--	Channel #subhackers: 1 nick (1 op, 0 voices, 0 normals)
2023-01-17 19:59:23	--	Mode #subhackers [-o MonsterAbyss] by services.
2023-01-17 19:59:23	--	Notice(palladium.libera.chat): *** Notice -- TS for #subhackers changed from 1673965763 to 1625992295
2023-01-17 19:59:23	--	Mode #subhackers [-Cs] by services.
2023-01-17 19:59:23	▬▬▶	ChanServ (Channel Services) (ChanServ@services.libera.chat) has joined #subhackers
2023-01-17 19:59:23	--	Mode #subhackers [+o ChanServ] by services.
2023-01-17 19:59:28	--	Channel created on Sun, 11 Jul 2021 14:01:35
2023-01-17 20:18:41	▬▬▶	MonsterAbyss [MonsterAbyss] (Abyss) (~Abyss@gateway/tor-sasl/monsterabyss) has joined #subhackers
2023-01-17 20:18:41	--	Mode #subhackers [+Cnst] by palladium.libera.chat
2023-01-17 20:18:41	--	Channel #subhackers: 1 nick (1 op, 0 voices, 0 normals)
2023-01-17 20:18:41	--	Mode #subhackers [-o MonsterAbyss] by services.
2023-01-17 20:18:41	--	Notice(palladium.libera.chat): *** Notice -- TS for #subhackers changed from 1673966921 to 1625992295
2023-01-17 20:18:41	--	Mode #subhackers [-Cs] by services.
2023-01-17 20:18:41	▬▬▶	ChanServ (Channel Services) (ChanServ@services.libera.chat) has joined #subhackers
2023-01-17 20:18:41	--	Mode #subhackers [+o ChanServ] by services.
2023-01-17 20:18:47	--	Channel created on Sun, 11 Jul 2021 14:01:35
2023-01-17 21:12:58	▬▬▶	MonsterAbyss [MonsterAbyss] (Abyss) (~Abyss@gateway/tor-sasl/monsterabyss) has joined #subhackers
2023-01-17 21:12:58	--	Channel #subhackers: 2 nicks (1 op, 0 voices, 1 normal)
2023-01-17 21:13:03	--	Channel created on Sun, 11 Jul 2021 14:01:35
2023-01-17 21:26:46	▬▬▶	MonsterAbyss [MonsterAbyss] (Abyss) (~Abyss@gateway/tor-sasl/monsterabyss) has joined #subhackers
2023-01-17 21:26:46	--	Channel #subhackers: 2 nicks (1 op, 0 voices, 1 normal)
2023-01-17 21:26:52	--	Channel created on Sun, 11 Jul 2021 14:01:35
