2023-01-17 17:55:40	--	silver.libera.chat: *** Checking Ident
2023-01-17 17:55:40	--	silver.libera.chat: *** Looking up your hostname...
2023-01-17 17:55:40	--	silver.libera.chat: *** Couldn't look up your hostname
2023-01-17 17:55:45	--	silver.libera.chat: *** No Ident response
2023-01-17 17:55:45	--	Welcome to the Libera.Chat Internet Relay Chat Network MosterAbyss
2023-01-17 17:55:45	--	Your host is silver.libera.chat[172.106.11.86/6697], running version solanum-1.0-dev
2023-01-17 17:55:45	--	This server was created Sun Nov 6 2022 at 03:17:56 UTC
2023-01-17 17:55:45	--	silver.libera.chat solanum-1.0-dev DGIMQRSZaghilopsuwz CFILMPQRSTbcefgijklmnopqrstuvz bkloveqjfI
2023-01-17 17:55:45	--	ETRACE FNC SAFELIST ELIST=CMNTU CALLERID=g MONITOR=100 KNOCK WHOX CHANTYPES=# EXCEPTS INVEX CHANMODES=eIbq,k,flj,CFLMPQRSTcgimnprstuz are supported by this server
2023-01-17 17:55:45	--	CHANLIMIT=#:250 PREFIX=(ov)@+ MAXLIST=bqeI:100 MODES=4 NETWORK=Libera.Chat STATUSMSG=@+ CASEMAPPING=rfc1459 NICKLEN=16 MAXNICKLEN=16 CHANNELLEN=50 TOPICLEN=390 DEAF=D are supported by this server
2023-01-17 17:55:45	--	TARGMAX=NAMES:1,LIST:1,KICK:1,WHOIS:1,PRIVMSG:4,NOTICE:4,ACCEPT:,MONITOR: EXTBAN=$,ajrxz are supported by this server
2023-01-17 17:55:45	--	There are 69 users and 46681 invisible on 28 servers
2023-01-17 17:55:45	--	39 IRC Operators online
2023-01-17 17:55:45	--	31 unknown connection(s)
2023-01-17 17:55:45	--	22129 channels formed
2023-01-17 17:55:45	--	I have 2749 clients and 1 servers
2023-01-17 17:55:45	--	2749 3603 Current local users 2749, max 3603
2023-01-17 17:55:45	--	46750 49240 Current global users 46750, max 49240
2023-01-17 17:55:45	--	Highest connection count: 3604 (3603 clients) (156904 connections received)
2023-01-17 17:55:45	--	- silver.libera.chat Message of the Day -
2023-01-17 17:55:45	--	- This server is provided by Psychz Networks.
2023-01-17 17:55:45	--	-
2023-01-17 17:55:45	--	- Welcome to Libera Chat, the IRC network for
2023-01-17 17:55:45	--	- free & open-source software and peer directed projects.
2023-01-17 17:55:45	--	-
2023-01-17 17:55:45	--	- Use of Libera Chat is governed by our network policies.
2023-01-17 17:55:45	--	-
2023-01-17 17:55:45	--	- To reduce network abuses we perform open proxy checks
2023-01-17 17:55:45	--	- on hosts at connection time.
2023-01-17 17:55:45	--	-
2023-01-17 17:55:45	--	- Please visit us in #libera for questions and support.
2023-01-17 17:55:45	--	-
2023-01-17 17:55:45	--	- Website and documentation:  https://libera.chat
2023-01-17 17:55:45	--	- Webchat:                    https://web.libera.chat
2023-01-17 17:55:45	--	- Network policies:           https://libera.chat/policies
2023-01-17 17:55:45	--	- Email:                      support@libera.chat
2023-01-17 17:55:45	--	End of /MOTD command.
2023-01-17 17:55:45	--	User mode [+Ziw] by MosterAbyss
2023-01-17 17:56:58	--	#news: Cannot join channel (+r) - you need to be logged into your NickServ account
2023-01-17 19:59:13	--	palladium.libera.chat: *** Ident disabled, not checking ident
2023-01-17 19:59:13	--	palladium.libera.chat: *** Looking up your hostname...
2023-01-17 19:59:13	--	palladium.libera.chat: *** Couldn't look up your hostname
2023-01-17 19:59:17	--	You are now logged in as MonsterAbyss (MonsterAbyss!Abyss@127.0.6.10)
2023-01-17 19:59:17	--	SASL authentication successful
2023-01-17 19:59:18	--	palladium.libera.chat: *** Spoofing your IP
2023-01-17 19:59:17	--	Welcome to the Libera.Chat Internet Relay Chat Network MonsterAbyss
2023-01-17 19:59:17	--	Your host is palladium.libera.chat[127.0.6.10/17110], running version solanum-1.0-dev
2023-01-17 19:59:17	--	This server was created Wed Nov 2 2022 at 13:42:42 UTC
2023-01-17 19:59:17	--	palladium.libera.chat solanum-1.0-dev DGIMQRSZaghilopsuwz CFILMPQRSTbcefgijklmnopqrstuvz bkloveqjfI
2023-01-17 19:59:17	--	SAFELIST ELIST=CMNTU MONITOR=100 ETRACE FNC KNOCK WHOX CHANTYPES=# EXCEPTS INVEX CHANMODES=eIbq,k,flj,CFLMPQRSTcgimnprstuz CHANLIMIT=#:250 are supported by this server
2023-01-17 19:59:17	--	PREFIX=(ov)@+ MAXLIST=bqeI:100 MODES=4 NETWORK=Libera.Chat STATUSMSG=@+ CASEMAPPING=rfc1459 NICKLEN=16 MAXNICKLEN=16 CHANNELLEN=50 TOPICLEN=390 DEAF=D TARGMAX=NAMES:1,LIST:1,KICK:1,WHOIS:1,PRIVMSG:4,NOTICE:4,ACCEPT:,MONITOR: are supported by this server
2023-01-17 19:59:17	--	EXTBAN=$,ajrxz CALLERID=g are supported by this server
2023-01-17 19:59:17	--	There are 71 users and 46854 invisible on 28 servers
2023-01-17 19:59:17	--	39 IRC Operators online
2023-01-17 19:59:17	--	1 unknown connection(s)
2023-01-17 19:59:17	--	22216 channels formed
2023-01-17 19:59:17	--	I have 173 clients and 1 servers
2023-01-17 19:59:17	--	173 194 Current local users 173, max 194
2023-01-17 19:59:17	--	46925 49240 Current global users 46925, max 49240
2023-01-17 19:59:17	--	Highest connection count: 195 (194 clients) (45590 connections received)
2023-01-17 19:59:17	--	- palladium.libera.chat Message of the Day -
2023-01-17 19:59:17	--	- Welcome to Libera Chat, the IRC network for
2023-01-17 19:59:17	--	- free & open-source software and peer directed projects.
2023-01-17 19:59:17	--	-
2023-01-17 19:59:17	--	- Use of Libera Chat is governed by our network policies.
2023-01-17 19:59:17	--	-
2023-01-17 19:59:17	--	- To reduce network abuses we perform open proxy checks
2023-01-17 19:59:17	--	- on hosts at connection time.
2023-01-17 19:59:17	--	-
2023-01-17 19:59:17	--	- Please visit us in #libera for questions and support.
2023-01-17 19:59:17	--	-
2023-01-17 19:59:17	--	- Website and documentation:  https://libera.chat
2023-01-17 19:59:17	--	- Webchat:                    https://web.libera.chat
2023-01-17 19:59:17	--	- Network policies:           https://libera.chat/policies
2023-01-17 19:59:17	--	- Email:                      support@libera.chat
2023-01-17 19:59:17	--	End of /MOTD command.
2023-01-17 19:59:17	--	User mode [+Ziw] by MonsterAbyss
2023-01-17 19:59:17	--	SaslServ (SaslServ@services.libera.chat): Last login from: ~Abyss@gateway/tor-sasl/monsterabyss on Jan 17 14:24:45 2023 +0000.
2023-01-17 20:18:30	--	palladium.libera.chat: *** Ident disabled, not checking ident
2023-01-17 20:18:30	--	palladium.libera.chat: *** Looking up your hostname...
2023-01-17 20:18:30	--	palladium.libera.chat: *** Couldn't look up your hostname
2023-01-17 20:18:34	--	You are now logged in as MonsterAbyss (MonsterAbyss!Abyss@127.0.6.10)
2023-01-17 20:18:34	--	SASL authentication successful
2023-01-17 20:18:35	--	palladium.libera.chat: *** Spoofing your IP
2023-01-17 20:18:35	--	Welcome to the Libera.Chat Internet Relay Chat Network MonsterAbyss
2023-01-17 20:18:35	--	Your host is palladium.libera.chat[127.0.6.10/17110], running version solanum-1.0-dev
2023-01-17 20:18:35	--	This server was created Wed Nov 2 2022 at 13:42:42 UTC
2023-01-17 20:18:35	--	palladium.libera.chat solanum-1.0-dev DGIMQRSZaghilopsuwz CFILMPQRSTbcefgijklmnopqrstuvz bkloveqjfI
2023-01-17 20:18:35	--	SAFELIST ELIST=CMNTU MONITOR=100 ETRACE FNC KNOCK WHOX CHANTYPES=# EXCEPTS INVEX CHANMODES=eIbq,k,flj,CFLMPQRSTcgimnprstuz CHANLIMIT=#:250 are supported by this server
2023-01-17 20:18:35	--	PREFIX=(ov)@+ MAXLIST=bqeI:100 MODES=4 NETWORK=Libera.Chat STATUSMSG=@+ CASEMAPPING=rfc1459 NICKLEN=16 MAXNICKLEN=16 CHANNELLEN=50 TOPICLEN=390 DEAF=D TARGMAX=NAMES:1,LIST:1,KICK:1,WHOIS:1,PRIVMSG:4,NOTICE:4,ACCEPT:,MONITOR: are supported by this server
2023-01-17 20:18:35	--	EXTBAN=$,ajrxz CALLERID=g are supported by this server
2023-01-17 20:18:35	--	There are 70 users and 46893 invisible on 28 servers
2023-01-17 20:18:35	--	39 IRC Operators online
2023-01-17 20:18:35	--	22220 channels formed
2023-01-17 20:18:35	--	I have 172 clients and 1 servers
2023-01-17 20:18:35	--	172 194 Current local users 172, max 194
2023-01-17 20:18:35	--	46963 49240 Current global users 46963, max 49240
2023-01-17 20:18:35	--	Highest connection count: 195 (194 clients) (45608 connections received)
2023-01-17 20:18:35	--	- palladium.libera.chat Message of the Day -
2023-01-17 20:18:35	--	- Welcome to Libera Chat, the IRC network for
2023-01-17 20:18:35	--	- free & open-source software and peer directed projects.
2023-01-17 20:18:35	--	-
2023-01-17 20:18:35	--	- Use of Libera Chat is governed by our network policies.
2023-01-17 20:18:35	--	-
2023-01-17 20:18:35	--	- To reduce network abuses we perform open proxy checks
2023-01-17 20:18:35	--	- on hosts at connection time.
2023-01-17 20:18:35	--	-
2023-01-17 20:18:35	--	- Please visit us in #libera for questions and support.
2023-01-17 20:18:35	--	-
2023-01-17 20:18:35	--	- Website and documentation:  https://libera.chat
2023-01-17 20:18:35	--	- Webchat:                    https://web.libera.chat
2023-01-17 20:18:35	--	- Network policies:           https://libera.chat/policies
2023-01-17 20:18:35	--	- Email:                      support@libera.chat
2023-01-17 20:18:35	--	End of /MOTD command.
2023-01-17 20:18:35	--	User mode [+Ziw] by MonsterAbyss
2023-01-17 20:18:35	--	SaslServ (SaslServ@services.libera.chat): Last login from: ~Abyss@gateway/tor-sasl/monsterabyss on Jan 17 14:48:10 2023 +0000.
2023-01-17 21:12:49	--	palladium.libera.chat: *** Ident disabled, not checking ident
2023-01-17 21:12:49	--	palladium.libera.chat: *** Looking up your hostname...
2023-01-17 21:12:49	--	palladium.libera.chat: *** Couldn't look up your hostname
2023-01-17 21:12:52	--	You are now logged in as MonsterAbyss (MonsterAbyss!Abyss@127.0.6.10)
2023-01-17 21:12:52	--	SASL authentication successful
2023-01-17 21:12:52	--	palladium.libera.chat: *** Spoofing your IP
2023-01-17 21:12:52	--	Welcome to the Libera.Chat Internet Relay Chat Network MonsterAbyss
2023-01-17 21:12:52	--	Your host is palladium.libera.chat[127.0.6.10/17110], running version solanum-1.0-dev
2023-01-17 21:12:52	--	This server was created Wed Nov 2 2022 at 13:42:42 UTC
2023-01-17 21:12:52	--	palladium.libera.chat solanum-1.0-dev DGIMQRSZaghilopsuwz CFILMPQRSTbcefgijklmnopqrstuvz bkloveqjfI
2023-01-17 21:12:52	--	SAFELIST ELIST=CMNTU MONITOR=100 ETRACE FNC KNOCK WHOX CHANTYPES=# EXCEPTS INVEX CHANMODES=eIbq,k,flj,CFLMPQRSTcgimnprstuz CHANLIMIT=#:250 are supported by this server
2023-01-17 21:12:52	--	PREFIX=(ov)@+ MAXLIST=bqeI:100 MODES=4 NETWORK=Libera.Chat STATUSMSG=@+ CASEMAPPING=rfc1459 NICKLEN=16 MAXNICKLEN=16 CHANNELLEN=50 TOPICLEN=390 DEAF=D TARGMAX=NAMES:1,LIST:1,KICK:1,WHOIS:1,PRIVMSG:4,NOTICE:4,ACCEPT:,MONITOR: are supported by this server
2023-01-17 21:12:52	--	EXTBAN=$,ajrxz CALLERID=g are supported by this server
2023-01-17 21:12:52	--	There are 71 users and 46803 invisible on 28 servers
2023-01-17 21:12:52	--	39 IRC Operators online
2023-01-17 21:12:52	--	6 unknown connection(s)
2023-01-17 21:12:52	--	22198 channels formed
2023-01-17 21:12:52	--	I have 156 clients and 1 servers
2023-01-17 21:12:52	--	156 194 Current local users 156, max 194
2023-01-17 21:12:52	--	46874 49240 Current global users 46874, max 49240
2023-01-17 21:12:52	--	Highest connection count: 195 (194 clients) (45655 connections received)
2023-01-17 21:12:52	--	- palladium.libera.chat Message of the Day -
2023-01-17 21:12:52	--	- Welcome to Libera Chat, the IRC network for
2023-01-17 21:12:52	--	- free & open-source software and peer directed projects.
2023-01-17 21:12:52	--	-
2023-01-17 21:12:52	--	- Use of Libera Chat is governed by our network policies.
2023-01-17 21:12:52	--	-
2023-01-17 21:12:52	--	- To reduce network abuses we perform open proxy checks
2023-01-17 21:12:52	--	- on hosts at connection time.
2023-01-17 21:12:52	--	-
2023-01-17 21:12:52	--	- Please visit us in #libera for questions and support.
2023-01-17 21:12:52	--	-
2023-01-17 21:12:52	--	- Website and documentation:  https://libera.chat
2023-01-17 21:12:52	--	- Webchat:                    https://web.libera.chat
2023-01-17 21:12:52	--	- Network policies:           https://libera.chat/policies
2023-01-17 21:12:52	--	- Email:                      support@libera.chat
2023-01-17 21:12:52	--	End of /MOTD command.
2023-01-17 21:12:52	--	User mode [+Ziw] by MonsterAbyss
2023-01-17 21:12:52	--	SaslServ (SaslServ@services.libera.chat): Last login from: ~Abyss@gateway/tor-sasl/monsterabyss on Jan 17 15:41:48 2023 +0000.
2023-01-17 21:26:33	--	palladium.libera.chat: *** Ident disabled, not checking ident
2023-01-17 21:26:33	--	palladium.libera.chat: *** Looking up your hostname...
2023-01-17 21:26:33	--	palladium.libera.chat: *** Couldn't look up your hostname
2023-01-17 21:26:39	--	You are now logged in as MonsterAbyss (MonsterAbyss!Abyss@127.0.6.10)
2023-01-17 21:26:39	--	SASL authentication successful
2023-01-17 21:26:41	--	palladium.libera.chat: *** Spoofing your IP
2023-01-17 21:26:40	--	Welcome to the Libera.Chat Internet Relay Chat Network MonsterAbyss
2023-01-17 21:26:40	--	Your host is palladium.libera.chat[127.0.6.10/17110], running version solanum-1.0-dev
2023-01-17 21:26:40	--	This server was created Wed Nov 2 2022 at 13:42:42 UTC
2023-01-17 21:26:40	--	palladium.libera.chat solanum-1.0-dev DGIMQRSZaghilopsuwz CFILMPQRSTbcefgijklmnopqrstuvz bkloveqjfI
2023-01-17 21:26:40	--	SAFELIST ELIST=CMNTU MONITOR=100 ETRACE FNC KNOCK WHOX CHANTYPES=# EXCEPTS INVEX CHANMODES=eIbq,k,flj,CFLMPQRSTcgimnprstuz CHANLIMIT=#:250 are supported by this server
2023-01-17 21:26:40	--	PREFIX=(ov)@+ MAXLIST=bqeI:100 MODES=4 NETWORK=Libera.Chat STATUSMSG=@+ CASEMAPPING=rfc1459 NICKLEN=16 MAXNICKLEN=16 CHANNELLEN=50 TOPICLEN=390 DEAF=D TARGMAX=NAMES:1,LIST:1,KICK:1,WHOIS:1,PRIVMSG:4,NOTICE:4,ACCEPT:,MONITOR: are supported by this server
2023-01-17 21:26:40	--	EXTBAN=$,ajrxz CALLERID=g are supported by this server
2023-01-17 21:26:40	--	There are 71 users and 46835 invisible on 28 servers
2023-01-17 21:26:40	--	39 IRC Operators online
2023-01-17 21:26:40	--	3 unknown connection(s)
2023-01-17 21:26:40	--	22159 channels formed
2023-01-17 21:26:40	--	I have 172 clients and 1 servers
2023-01-17 21:26:40	--	172 194 Current local users 172, max 194
2023-01-17 21:26:40	--	46906 49240 Current global users 46906, max 49240
2023-01-17 21:26:40	--	Highest connection count: 195 (194 clients) (45690 connections received)
2023-01-17 21:26:40	--	- palladium.libera.chat Message of the Day -
2023-01-17 21:26:40	--	- Welcome to Libera Chat, the IRC network for
2023-01-17 21:26:40	--	- free & open-source software and peer directed projects.
2023-01-17 21:26:40	--	-
2023-01-17 21:26:40	--	- Use of Libera Chat is governed by our network policies.
2023-01-17 21:26:40	--	-
2023-01-17 21:26:40	--	- To reduce network abuses we perform open proxy checks
2023-01-17 21:26:40	--	- on hosts at connection time.
2023-01-17 21:26:40	--	-
2023-01-17 21:26:40	--	- Please visit us in #libera for questions and support.
2023-01-17 21:26:40	--	-
2023-01-17 21:26:40	--	- Website and documentation:  https://libera.chat
2023-01-17 21:26:40	--	- Webchat:                    https://web.libera.chat
2023-01-17 21:26:40	--	- Network policies:           https://libera.chat/policies
2023-01-17 21:26:40	--	- Email:                      support@libera.chat
2023-01-17 21:26:40	--	End of /MOTD command.
2023-01-17 21:26:40	--	User mode [+Ziw] by MonsterAbyss
2023-01-17 21:26:40	--	SaslServ (SaslServ@services.libera.chat): Last login from: ~Abyss@gateway/tor-sasl/monsterabyss on Jan 17 15:54:30 2023 +0000.
