2023-01-17 18:18:33	▬▬▶	Abyss [Abyss] (Abyss) (~Abyss@20.tor-exit.nothingtohide.nl) has joined #soldierx
2023-01-17 18:18:33	--	Topic for #soldierx is "#soldierx - the official chatroom of soldierx.com"
2023-01-17 18:18:33	--	Topic set by CATWatch on Mon, 27 Jan 2020 03:09:18
2023-01-17 18:18:33	--	Channel #soldierx: 10 nicks (2 ops, 0 halfops, 2 voices, 6 normals)
2023-01-17 18:18:33	--	PvNotice(ChanServ): Welcome to #soldierx, please introduce yourself to the channel or expect to be kicked by Shinobi :-P
2023-01-17 18:18:33	--	Mode #soldierx [+v Abyss] by ChanServ
2023-01-17 18:18:35	--	Channel created on Sat, 02 Jan 2016 18:27:44
2023-01-17 19:58:44	▬▬▶	Abyss [Abyss] (Abyss) (~Abyss@107.189.2.111) has joined #soldierx
2023-01-17 19:58:44	--	Topic for #soldierx is "#soldierx - the official chatroom of soldierx.com"
2023-01-17 19:58:44	--	Topic set by CATWatch on Mon, 27 Jan 2020 03:09:18
2023-01-17 19:58:44	--	Channel #soldierx: 10 nicks (2 ops, 0 halfops, 2 voices, 6 normals)
2023-01-17 19:58:44	--	PvNotice(ChanServ): Welcome to #soldierx, please introduce yourself to the channel or expect to be kicked by Shinobi :-P
2023-01-17 19:58:44	--	Mode #soldierx [+v Abyss] by ChanServ
2023-01-17 19:58:46	--	Channel created on Sat, 02 Jan 2016 18:27:44
2023-01-17 20:18:21	▬▬▶	Abyss [Abyss] (Abyss) (~Abyss@31.171.154.166) has joined #soldierx
2023-01-17 20:18:21	--	Topic for #soldierx is "#soldierx - the official chatroom of soldierx.com"
2023-01-17 20:18:21	--	Topic set by CATWatch on Mon, 27 Jan 2020 03:09:18
2023-01-17 20:18:21	--	Channel #soldierx: 10 nicks (2 ops, 0 halfops, 2 voices, 6 normals)
2023-01-17 20:18:21	--	PvNotice(ChanServ): Welcome to #soldierx, please introduce yourself to the channel or expect to be kicked by Shinobi :-P
2023-01-17 20:18:21	--	Mode #soldierx [+v Abyss] by ChanServ
2023-01-17 20:18:23	--	Channel created on Sat, 02 Jan 2016 18:27:44
2023-01-17 22:21:31	◀▬▬	citypw (~citypw@185.243.218.153) has quit (Ping timeout: 180 seconds)
